[0.112s] DEBUG:colcon:Command line arguments: ['/usr/bin/colcon', 'build']
[0.112s] DEBUG:colcon:Parsed command line arguments: Namespace(allow_overriding=[], ament_cmake_args=None, base_paths=['.'], build_base='build', catkin_cmake_args=None, catkin_skip_building_tests=False, cmake_args=None, cmake_clean_cache=False, cmake_clean_first=False, cmake_force_configure=False, cmake_target=None, cmake_target_skip_unavailable=False, continue_on_error=False, event_handlers=None, executor='parallel', ignore_user_meta=False, install_base='install', log_base=None, log_level=None, main=<bound method BuildVerb.main of <colcon_core.verb.build.BuildVerb object at 0x7fe57ad724c0>>, merge_install=False, metas=['./colcon.meta'], packages_above=None, packages_above_and_dependencies=None, packages_above_depth=None, packages_end=None, packages_ignore=None, packages_ignore_regex=None, packages_select=None, packages_select_build_failed=False, packages_select_by_dep=None, packages_select_regex=None, packages_select_test_failures=False, packages_skip=None, packages_skip_build_finished=False, packages_skip_by_dep=None, packages_skip_regex=None, packages_skip_test_passed=False, packages_skip_up_to=None, packages_start=None, packages_up_to=None, packages_up_to_regex=None, parallel_workers=12, paths=None, symlink_install=False, test_result_base=None, verb_extension=<colcon_core.verb.build.BuildVerb object at 0x7fe57ad724c0>, verb_name='build', verb_parser=<colcon_defaults.argument_parser.defaults.DefaultArgumentsDecorator object at 0x7fe57ad72a00>)
[0.116s] Level 1:colcon.colcon_core.package_discovery:discover_packages(colcon_meta) check parameters
[0.116s] Level 1:colcon.colcon_core.package_discovery:discover_packages(recursive) check parameters
[0.116s] Level 1:colcon.colcon_core.package_discovery:discover_packages(ignore) check parameters
[0.117s] Level 1:colcon.colcon_core.package_discovery:discover_packages(path) check parameters
[0.117s] Level 1:colcon.colcon_core.package_discovery:discover_packages(colcon_meta) discover
[0.117s] Level 1:colcon.colcon_core.package_discovery:discover_packages(recursive) discover
[0.117s] INFO:colcon.colcon_core.package_discovery:Crawling recursively for packages in '/home/ruben/projects/ros2/jetson_robot_car/src'
[0.117s] Level 1:colcon.colcon_core.package_identification:_identify(.) by extensions ['ignore', 'ignore_ament_install']
[0.117s] Level 1:colcon.colcon_core.package_identification:_identify(.) by extension 'ignore'
[0.117s] Level 1:colcon.colcon_core.package_identification:_identify(.) by extension 'ignore_ament_install'
[0.117s] Level 1:colcon.colcon_core.package_identification:_identify(.) by extensions ['colcon_pkg']
[0.117s] Level 1:colcon.colcon_core.package_identification:_identify(.) by extension 'colcon_pkg'
[0.117s] Level 1:colcon.colcon_core.package_identification:_identify(.) by extensions ['colcon_meta']
[0.117s] Level 1:colcon.colcon_core.package_identification:_identify(.) by extension 'colcon_meta'
[0.117s] Level 1:colcon.colcon_core.package_identification:_identify(.) by extensions ['ros']
[0.117s] Level 1:colcon.colcon_core.package_identification:_identify(.) by extension 'ros'
[0.125s] Level 1:colcon.colcon_core.package_identification:_identify(.) by extensions ['cmake', 'python']
[0.125s] Level 1:colcon.colcon_core.package_identification:_identify(.) by extension 'cmake'
[0.125s] Level 1:colcon.colcon_core.package_identification:_identify(.) by extension 'python'
[0.125s] Level 1:colcon.colcon_core.package_identification:_identify(.) by extensions ['python_setup_py']
[0.125s] Level 1:colcon.colcon_core.package_identification:_identify(.) by extension 'python_setup_py'
[0.126s] Level 1:colcon.colcon_core.package_identification:_identify(build) by extensions ['ignore', 'ignore_ament_install']
[0.126s] Level 1:colcon.colcon_core.package_identification:_identify(build) by extension 'ignore'
[0.126s] Level 1:colcon.colcon_core.package_identification:_identify(build) ignored
[0.126s] Level 1:colcon.colcon_core.package_identification:_identify(common) by extensions ['ignore', 'ignore_ament_install']
[0.126s] Level 1:colcon.colcon_core.package_identification:_identify(common) by extension 'ignore'
[0.126s] Level 1:colcon.colcon_core.package_identification:_identify(common) by extension 'ignore_ament_install'
[0.126s] Level 1:colcon.colcon_core.package_identification:_identify(common) by extensions ['colcon_pkg']
[0.126s] Level 1:colcon.colcon_core.package_identification:_identify(common) by extension 'colcon_pkg'
[0.126s] Level 1:colcon.colcon_core.package_identification:_identify(common) by extensions ['colcon_meta']
[0.126s] Level 1:colcon.colcon_core.package_identification:_identify(common) by extension 'colcon_meta'
[0.126s] Level 1:colcon.colcon_core.package_identification:_identify(common) by extensions ['ros']
[0.126s] Level 1:colcon.colcon_core.package_identification:_identify(common) by extension 'ros'
[0.128s] DEBUG:colcon.colcon_core.package_identification:Package 'common' with type 'ros.ament_python' and name 'common'
[0.128s] Level 1:colcon.colcon_core.package_identification:_identify(distance_sensors) by extensions ['ignore', 'ignore_ament_install']
[0.128s] Level 1:colcon.colcon_core.package_identification:_identify(distance_sensors) by extension 'ignore'
[0.128s] Level 1:colcon.colcon_core.package_identification:_identify(distance_sensors) by extension 'ignore_ament_install'
[0.128s] Level 1:colcon.colcon_core.package_identification:_identify(distance_sensors) by extensions ['colcon_pkg']
[0.128s] Level 1:colcon.colcon_core.package_identification:_identify(distance_sensors) by extension 'colcon_pkg'
[0.128s] Level 1:colcon.colcon_core.package_identification:_identify(distance_sensors) by extensions ['colcon_meta']
[0.128s] Level 1:colcon.colcon_core.package_identification:_identify(distance_sensors) by extension 'colcon_meta'
[0.128s] Level 1:colcon.colcon_core.package_identification:_identify(distance_sensors) by extensions ['ros']
[0.128s] Level 1:colcon.colcon_core.package_identification:_identify(distance_sensors) by extension 'ros'
[0.129s] DEBUG:colcon.colcon_core.package_identification:Package 'distance_sensors' with type 'ros.ament_python' and name 'distance_sensors'
[0.129s] Level 1:colcon.colcon_core.package_identification:_identify(image_sensors) by extensions ['ignore', 'ignore_ament_install']
[0.129s] Level 1:colcon.colcon_core.package_identification:_identify(image_sensors) by extension 'ignore'
[0.129s] Level 1:colcon.colcon_core.package_identification:_identify(image_sensors) by extension 'ignore_ament_install'
[0.129s] Level 1:colcon.colcon_core.package_identification:_identify(image_sensors) by extensions ['colcon_pkg']
[0.129s] Level 1:colcon.colcon_core.package_identification:_identify(image_sensors) by extension 'colcon_pkg'
[0.129s] Level 1:colcon.colcon_core.package_identification:_identify(image_sensors) by extensions ['colcon_meta']
[0.129s] Level 1:colcon.colcon_core.package_identification:_identify(image_sensors) by extension 'colcon_meta'
[0.129s] Level 1:colcon.colcon_core.package_identification:_identify(image_sensors) by extensions ['ros']
[0.129s] Level 1:colcon.colcon_core.package_identification:_identify(image_sensors) by extension 'ros'
[0.130s] DEBUG:colcon.colcon_core.package_identification:Package 'image_sensors' with type 'ros.ament_python' and name 'image_sensors'
[0.130s] Level 1:colcon.colcon_core.package_identification:_identify(install) by extensions ['ignore', 'ignore_ament_install']
[0.130s] Level 1:colcon.colcon_core.package_identification:_identify(install) by extension 'ignore'
[0.130s] Level 1:colcon.colcon_core.package_identification:_identify(install) ignored
[0.130s] Level 1:colcon.colcon_core.package_identification:_identify(log) by extensions ['ignore', 'ignore_ament_install']
[0.130s] Level 1:colcon.colcon_core.package_identification:_identify(log) by extension 'ignore'
[0.130s] Level 1:colcon.colcon_core.package_identification:_identify(log) ignored
[0.130s] Level 1:colcon.colcon_core.package_identification:_identify(motor_control) by extensions ['ignore', 'ignore_ament_install']
[0.130s] Level 1:colcon.colcon_core.package_identification:_identify(motor_control) by extension 'ignore'
[0.130s] Level 1:colcon.colcon_core.package_identification:_identify(motor_control) by extension 'ignore_ament_install'
[0.130s] Level 1:colcon.colcon_core.package_identification:_identify(motor_control) by extensions ['colcon_pkg']
[0.130s] Level 1:colcon.colcon_core.package_identification:_identify(motor_control) by extension 'colcon_pkg'
[0.130s] Level 1:colcon.colcon_core.package_identification:_identify(motor_control) by extensions ['colcon_meta']
[0.130s] Level 1:colcon.colcon_core.package_identification:_identify(motor_control) by extension 'colcon_meta'
[0.130s] Level 1:colcon.colcon_core.package_identification:_identify(motor_control) by extensions ['ros']
[0.130s] Level 1:colcon.colcon_core.package_identification:_identify(motor_control) by extension 'ros'
[0.131s] DEBUG:colcon.colcon_core.package_identification:Package 'motor_control' with type 'ros.ament_python' and name 'motor_control'
[0.131s] Level 1:colcon.colcon_core.package_discovery:discover_packages(recursive) using defaults
[0.131s] Level 1:colcon.colcon_core.package_discovery:discover_packages(ignore) discover
[0.131s] Level 1:colcon.colcon_core.package_discovery:discover_packages(ignore) using defaults
[0.131s] Level 1:colcon.colcon_core.package_discovery:discover_packages(path) discover
[0.131s] Level 1:colcon.colcon_core.package_discovery:discover_packages(path) using defaults
[0.145s] Level 5:colcon.colcon_core.verb:set package 'common' build argument 'cmake_args' from command line to 'None'
[0.145s] Level 5:colcon.colcon_core.verb:set package 'common' build argument 'cmake_target' from command line to 'None'
[0.145s] Level 5:colcon.colcon_core.verb:set package 'common' build argument 'cmake_target_skip_unavailable' from command line to 'False'
[0.145s] Level 5:colcon.colcon_core.verb:set package 'common' build argument 'cmake_clean_cache' from command line to 'False'
[0.145s] Level 5:colcon.colcon_core.verb:set package 'common' build argument 'cmake_clean_first' from command line to 'False'
[0.145s] Level 5:colcon.colcon_core.verb:set package 'common' build argument 'cmake_force_configure' from command line to 'False'
[0.145s] Level 5:colcon.colcon_core.verb:set package 'common' build argument 'ament_cmake_args' from command line to 'None'
[0.146s] Level 5:colcon.colcon_core.verb:set package 'common' build argument 'catkin_cmake_args' from command line to 'None'
[0.146s] Level 5:colcon.colcon_core.verb:set package 'common' build argument 'catkin_skip_building_tests' from command line to 'False'
[0.146s] DEBUG:colcon.colcon_core.verb:Building package 'common' with the following arguments: {'ament_cmake_args': None, 'build_base': '/home/ruben/projects/ros2/jetson_robot_car/src/build/common', 'catkin_cmake_args': None, 'catkin_skip_building_tests': False, 'cmake_args': None, 'cmake_clean_cache': False, 'cmake_clean_first': False, 'cmake_force_configure': False, 'cmake_target': None, 'cmake_target_skip_unavailable': False, 'install_base': '/home/ruben/projects/ros2/jetson_robot_car/src/install/common', 'merge_install': False, 'path': '/home/ruben/projects/ros2/jetson_robot_car/src/common', 'symlink_install': False, 'test_result_base': None}
[0.146s] Level 5:colcon.colcon_core.verb:set package 'image_sensors' build argument 'cmake_args' from command line to 'None'
[0.146s] Level 5:colcon.colcon_core.verb:set package 'image_sensors' build argument 'cmake_target' from command line to 'None'
[0.146s] Level 5:colcon.colcon_core.verb:set package 'image_sensors' build argument 'cmake_target_skip_unavailable' from command line to 'False'
[0.146s] Level 5:colcon.colcon_core.verb:set package 'image_sensors' build argument 'cmake_clean_cache' from command line to 'False'
[0.146s] Level 5:colcon.colcon_core.verb:set package 'image_sensors' build argument 'cmake_clean_first' from command line to 'False'
[0.146s] Level 5:colcon.colcon_core.verb:set package 'image_sensors' build argument 'cmake_force_configure' from command line to 'False'
[0.146s] Level 5:colcon.colcon_core.verb:set package 'image_sensors' build argument 'ament_cmake_args' from command line to 'None'
[0.146s] Level 5:colcon.colcon_core.verb:set package 'image_sensors' build argument 'catkin_cmake_args' from command line to 'None'
[0.146s] Level 5:colcon.colcon_core.verb:set package 'image_sensors' build argument 'catkin_skip_building_tests' from command line to 'False'
[0.146s] DEBUG:colcon.colcon_core.verb:Building package 'image_sensors' with the following arguments: {'ament_cmake_args': None, 'build_base': '/home/ruben/projects/ros2/jetson_robot_car/src/build/image_sensors', 'catkin_cmake_args': None, 'catkin_skip_building_tests': False, 'cmake_args': None, 'cmake_clean_cache': False, 'cmake_clean_first': False, 'cmake_force_configure': False, 'cmake_target': None, 'cmake_target_skip_unavailable': False, 'install_base': '/home/ruben/projects/ros2/jetson_robot_car/src/install/image_sensors', 'merge_install': False, 'path': '/home/ruben/projects/ros2/jetson_robot_car/src/image_sensors', 'symlink_install': False, 'test_result_base': None}
[0.147s] Level 5:colcon.colcon_core.verb:set package 'distance_sensors' build argument 'cmake_args' from command line to 'None'
[0.147s] Level 5:colcon.colcon_core.verb:set package 'distance_sensors' build argument 'cmake_target' from command line to 'None'
[0.147s] Level 5:colcon.colcon_core.verb:set package 'distance_sensors' build argument 'cmake_target_skip_unavailable' from command line to 'False'
[0.147s] Level 5:colcon.colcon_core.verb:set package 'distance_sensors' build argument 'cmake_clean_cache' from command line to 'False'
[0.147s] Level 5:colcon.colcon_core.verb:set package 'distance_sensors' build argument 'cmake_clean_first' from command line to 'False'
[0.147s] Level 5:colcon.colcon_core.verb:set package 'distance_sensors' build argument 'cmake_force_configure' from command line to 'False'
[0.147s] Level 5:colcon.colcon_core.verb:set package 'distance_sensors' build argument 'ament_cmake_args' from command line to 'None'
[0.147s] Level 5:colcon.colcon_core.verb:set package 'distance_sensors' build argument 'catkin_cmake_args' from command line to 'None'
[0.147s] Level 5:colcon.colcon_core.verb:set package 'distance_sensors' build argument 'catkin_skip_building_tests' from command line to 'False'
[0.147s] DEBUG:colcon.colcon_core.verb:Building package 'distance_sensors' with the following arguments: {'ament_cmake_args': None, 'build_base': '/home/ruben/projects/ros2/jetson_robot_car/src/build/distance_sensors', 'catkin_cmake_args': None, 'catkin_skip_building_tests': False, 'cmake_args': None, 'cmake_clean_cache': False, 'cmake_clean_first': False, 'cmake_force_configure': False, 'cmake_target': None, 'cmake_target_skip_unavailable': False, 'install_base': '/home/ruben/projects/ros2/jetson_robot_car/src/install/distance_sensors', 'merge_install': False, 'path': '/home/ruben/projects/ros2/jetson_robot_car/src/distance_sensors', 'symlink_install': False, 'test_result_base': None}
[0.148s] Level 5:colcon.colcon_core.verb:set package 'motor_control' build argument 'cmake_args' from command line to 'None'
[0.148s] Level 5:colcon.colcon_core.verb:set package 'motor_control' build argument 'cmake_target' from command line to 'None'
[0.148s] Level 5:colcon.colcon_core.verb:set package 'motor_control' build argument 'cmake_target_skip_unavailable' from command line to 'False'
[0.148s] Level 5:colcon.colcon_core.verb:set package 'motor_control' build argument 'cmake_clean_cache' from command line to 'False'
[0.148s] Level 5:colcon.colcon_core.verb:set package 'motor_control' build argument 'cmake_clean_first' from command line to 'False'
[0.148s] Level 5:colcon.colcon_core.verb:set package 'motor_control' build argument 'cmake_force_configure' from command line to 'False'
[0.148s] Level 5:colcon.colcon_core.verb:set package 'motor_control' build argument 'ament_cmake_args' from command line to 'None'
[0.148s] Level 5:colcon.colcon_core.verb:set package 'motor_control' build argument 'catkin_cmake_args' from command line to 'None'
[0.148s] Level 5:colcon.colcon_core.verb:set package 'motor_control' build argument 'catkin_skip_building_tests' from command line to 'False'
[0.148s] DEBUG:colcon.colcon_core.verb:Building package 'motor_control' with the following arguments: {'ament_cmake_args': None, 'build_base': '/home/ruben/projects/ros2/jetson_robot_car/src/build/motor_control', 'catkin_cmake_args': None, 'catkin_skip_building_tests': False, 'cmake_args': None, 'cmake_clean_cache': False, 'cmake_clean_first': False, 'cmake_force_configure': False, 'cmake_target': None, 'cmake_target_skip_unavailable': False, 'install_base': '/home/ruben/projects/ros2/jetson_robot_car/src/install/motor_control', 'merge_install': False, 'path': '/home/ruben/projects/ros2/jetson_robot_car/src/motor_control', 'symlink_install': False, 'test_result_base': None}
[0.150s] INFO:colcon.colcon_core.executor:Executing jobs using 'parallel' executor
[0.152s] DEBUG:colcon.colcon_parallel_executor.executor.parallel:run_until_complete
[0.152s] INFO:colcon.colcon_ros.task.ament_python.build:Building ROS package in '/home/ruben/projects/ros2/jetson_robot_car/src/common' with build type 'ament_python'
[0.152s] Level 1:colcon.colcon_core.shell:create_environment_hook('common', 'ament_prefix_path')
[0.155s] INFO:colcon.colcon_core.plugin_system:Skipping extension 'colcon_core.shell.bat': Not used on non-Windows systems
[0.155s] INFO:colcon.colcon_core.shell:Creating environment hook '/home/ruben/projects/ros2/jetson_robot_car/src/install/common/share/common/hook/ament_prefix_path.ps1'
[0.156s] INFO:colcon.colcon_core.shell:Creating environment descriptor '/home/ruben/projects/ros2/jetson_robot_car/src/install/common/share/common/hook/ament_prefix_path.dsv'
[0.156s] INFO:colcon.colcon_core.shell:Creating environment hook '/home/ruben/projects/ros2/jetson_robot_car/src/install/common/share/common/hook/ament_prefix_path.sh'
[0.157s] INFO:colcon.colcon_core.shell:Skip shell extension 'powershell' for command environment: Not usable outside of PowerShell
[0.157s] DEBUG:colcon.colcon_core.shell:Skip shell extension 'dsv' for command environment
[0.160s] INFO:colcon.colcon_ros.task.ament_python.build:Building ROS package in '/home/ruben/projects/ros2/jetson_robot_car/src/image_sensors' with build type 'ament_python'
[0.161s] Level 1:colcon.colcon_core.shell:create_environment_hook('image_sensors', 'ament_prefix_path')
[0.161s] INFO:colcon.colcon_core.shell:Creating environment hook '/home/ruben/projects/ros2/jetson_robot_car/src/install/image_sensors/share/image_sensors/hook/ament_prefix_path.ps1'
[0.162s] INFO:colcon.colcon_core.shell:Creating environment descriptor '/home/ruben/projects/ros2/jetson_robot_car/src/install/image_sensors/share/image_sensors/hook/ament_prefix_path.dsv'
[0.163s] INFO:colcon.colcon_core.shell:Creating environment hook '/home/ruben/projects/ros2/jetson_robot_car/src/install/image_sensors/share/image_sensors/hook/ament_prefix_path.sh'
[0.163s] INFO:colcon.colcon_core.shell:Skip shell extension 'powershell' for command environment: Not usable outside of PowerShell
[0.163s] DEBUG:colcon.colcon_core.shell:Skip shell extension 'dsv' for command environment
[0.338s] INFO:colcon.colcon_core.task.python.build:Building Python package in '/home/ruben/projects/ros2/jetson_robot_car/src/common'
[0.339s] INFO:colcon.colcon_core.shell:Skip shell extension 'powershell' for command environment: Not usable outside of PowerShell
[0.339s] DEBUG:colcon.colcon_core.shell:Skip shell extension 'dsv' for command environment
[0.512s] INFO:colcon.colcon_core.task.python.build:Building Python package in '/home/ruben/projects/ros2/jetson_robot_car/src/image_sensors'
[0.513s] INFO:colcon.colcon_core.shell:Skip shell extension 'powershell' for command environment: Not usable outside of PowerShell
[0.513s] DEBUG:colcon.colcon_core.shell:Skip shell extension 'dsv' for command environment
[0.826s] DEBUG:colcon.colcon_core.event_handler.log_command:Invoking command in '/home/ruben/projects/ros2/jetson_robot_car/src/common': PYTHONPATH=/home/ruben/projects/ros2/jetson_robot_car/src/install/common/lib/python3.8/site-packages:${PYTHONPATH} /usr/bin/python3 setup.py egg_info --egg-base ../build/common build --build-base /home/ruben/projects/ros2/jetson_robot_car/src/build/common/build install --prefix /home/ruben/projects/ros2/jetson_robot_car/src/install/common --record /home/ruben/projects/ros2/jetson_robot_car/src/build/common/install.log --single-version-externally-managed
[0.832s] DEBUG:colcon.colcon_core.event_handler.log_command:Invoking command in '/home/ruben/projects/ros2/jetson_robot_car/src/image_sensors': PYTHONPATH=/home/ruben/projects/ros2/jetson_robot_car/src/install/image_sensors/lib/python3.8/site-packages:${PYTHONPATH} /usr/bin/python3 setup.py egg_info --egg-base ../build/image_sensors build --build-base /home/ruben/projects/ros2/jetson_robot_car/src/build/image_sensors/build install --prefix /home/ruben/projects/ros2/jetson_robot_car/src/install/image_sensors --record /home/ruben/projects/ros2/jetson_robot_car/src/build/image_sensors/install.log --single-version-externally-managed
[1.105s] DEBUG:colcon.colcon_core.event_handler.log_command:Invoked command in '/home/ruben/projects/ros2/jetson_robot_car/src/common' returned '0': PYTHONPATH=/home/ruben/projects/ros2/jetson_robot_car/src/install/common/lib/python3.8/site-packages:${PYTHONPATH} /usr/bin/python3 setup.py egg_info --egg-base ../build/common build --build-base /home/ruben/projects/ros2/jetson_robot_car/src/build/common/build install --prefix /home/ruben/projects/ros2/jetson_robot_car/src/install/common --record /home/ruben/projects/ros2/jetson_robot_car/src/build/common/install.log --single-version-externally-managed
[1.112s] Level 1:colcon.colcon_core.environment:checking '/home/ruben/projects/ros2/jetson_robot_car/src/install/common' for CMake module files
[1.113s] Level 1:colcon.colcon_core.environment:checking '/home/ruben/projects/ros2/jetson_robot_car/src/install/common' for CMake config files
[1.113s] Level 1:colcon.colcon_core.environment:checking '/home/ruben/projects/ros2/jetson_robot_car/src/install/common/lib'
[1.113s] Level 1:colcon.colcon_core.environment:checking '/home/ruben/projects/ros2/jetson_robot_car/src/install/common/bin'
[1.113s] Level 1:colcon.colcon_core.environment:checking '/home/ruben/projects/ros2/jetson_robot_car/src/install/common/lib/pkgconfig/common.pc'
[1.113s] Level 1:colcon.colcon_core.environment:checking '/home/ruben/projects/ros2/jetson_robot_car/src/install/common/lib/python3.8/site-packages'
[1.113s] Level 1:colcon.colcon_core.shell:create_environment_hook('common', 'pythonpath')
[1.114s] INFO:colcon.colcon_core.shell:Creating environment hook '/home/ruben/projects/ros2/jetson_robot_car/src/install/common/share/common/hook/pythonpath.ps1'
[1.114s] INFO:colcon.colcon_core.shell:Creating environment descriptor '/home/ruben/projects/ros2/jetson_robot_car/src/install/common/share/common/hook/pythonpath.dsv'
[1.114s] INFO:colcon.colcon_core.shell:Creating environment hook '/home/ruben/projects/ros2/jetson_robot_car/src/install/common/share/common/hook/pythonpath.sh'
[1.115s] Level 1:colcon.colcon_core.environment:create_environment_scripts_only(common)
[1.115s] INFO:colcon.colcon_core.shell:Creating package script '/home/ruben/projects/ros2/jetson_robot_car/src/install/common/share/common/package.ps1'
[1.116s] INFO:colcon.colcon_core.shell:Creating package descriptor '/home/ruben/projects/ros2/jetson_robot_car/src/install/common/share/common/package.dsv'
[1.116s] INFO:colcon.colcon_core.shell:Creating package script '/home/ruben/projects/ros2/jetson_robot_car/src/install/common/share/common/package.sh'
[1.117s] INFO:colcon.colcon_core.shell:Creating package script '/home/ruben/projects/ros2/jetson_robot_car/src/install/common/share/common/package.bash'
[1.118s] INFO:colcon.colcon_core.shell:Creating package script '/home/ruben/projects/ros2/jetson_robot_car/src/install/common/share/common/package.zsh'
[1.120s] Level 1:colcon.colcon_core.environment:create_file_with_runtime_dependencies(/home/ruben/projects/ros2/jetson_robot_car/src/install/common/share/colcon-core/packages/common)
[1.120s] INFO:colcon.colcon_ros.task.ament_python.build:Building ROS package in '/home/ruben/projects/ros2/jetson_robot_car/src/distance_sensors' with build type 'ament_python'
[1.120s] Level 1:colcon.colcon_core.shell:create_environment_hook('distance_sensors', 'ament_prefix_path')
[1.121s] INFO:colcon.colcon_core.shell:Creating environment hook '/home/ruben/projects/ros2/jetson_robot_car/src/install/distance_sensors/share/distance_sensors/hook/ament_prefix_path.ps1'
[1.125s] INFO:colcon.colcon_core.shell:Creating environment descriptor '/home/ruben/projects/ros2/jetson_robot_car/src/install/distance_sensors/share/distance_sensors/hook/ament_prefix_path.dsv'
[1.125s] INFO:colcon.colcon_core.shell:Creating environment hook '/home/ruben/projects/ros2/jetson_robot_car/src/install/distance_sensors/share/distance_sensors/hook/ament_prefix_path.sh'
[1.126s] INFO:colcon.colcon_core.shell:Skip shell extension 'powershell' for command environment: Not usable outside of PowerShell
[1.126s] DEBUG:colcon.colcon_core.shell:Skip shell extension 'dsv' for command environment
[1.129s] INFO:colcon.colcon_ros.task.ament_python.build:Building ROS package in '/home/ruben/projects/ros2/jetson_robot_car/src/motor_control' with build type 'ament_python'
[1.129s] Level 1:colcon.colcon_core.shell:create_environment_hook('motor_control', 'ament_prefix_path')
[1.130s] INFO:colcon.colcon_core.shell:Creating environment hook '/home/ruben/projects/ros2/jetson_robot_car/src/install/motor_control/share/motor_control/hook/ament_prefix_path.ps1'
[1.130s] INFO:colcon.colcon_core.shell:Creating environment descriptor '/home/ruben/projects/ros2/jetson_robot_car/src/install/motor_control/share/motor_control/hook/ament_prefix_path.dsv'
[1.131s] INFO:colcon.colcon_core.shell:Creating environment hook '/home/ruben/projects/ros2/jetson_robot_car/src/install/motor_control/share/motor_control/hook/ament_prefix_path.sh'
[1.131s] INFO:colcon.colcon_core.shell:Skip shell extension 'powershell' for command environment: Not usable outside of PowerShell
[1.131s] DEBUG:colcon.colcon_core.shell:Skip shell extension 'dsv' for command environment
[1.135s] Level 1:colcon.colcon_core.environment:checking '/home/ruben/projects/ros2/jetson_robot_car/src/install/image_sensors' for CMake module files
[1.136s] DEBUG:colcon.colcon_core.event_handler.log_command:Invoked command in '/home/ruben/projects/ros2/jetson_robot_car/src/image_sensors' returned '0': PYTHONPATH=/home/ruben/projects/ros2/jetson_robot_car/src/install/image_sensors/lib/python3.8/site-packages:${PYTHONPATH} /usr/bin/python3 setup.py egg_info --egg-base ../build/image_sensors build --build-base /home/ruben/projects/ros2/jetson_robot_car/src/build/image_sensors/build install --prefix /home/ruben/projects/ros2/jetson_robot_car/src/install/image_sensors --record /home/ruben/projects/ros2/jetson_robot_car/src/build/image_sensors/install.log --single-version-externally-managed
[1.136s] Level 1:colcon.colcon_core.environment:checking '/home/ruben/projects/ros2/jetson_robot_car/src/install/image_sensors' for CMake config files
[1.137s] Level 1:colcon.colcon_core.environment:checking '/home/ruben/projects/ros2/jetson_robot_car/src/install/image_sensors/lib'
[1.137s] Level 1:colcon.colcon_core.environment:checking '/home/ruben/projects/ros2/jetson_robot_car/src/install/image_sensors/bin'
[1.137s] Level 1:colcon.colcon_core.environment:checking '/home/ruben/projects/ros2/jetson_robot_car/src/install/image_sensors/lib/pkgconfig/image_sensors.pc'
[1.137s] Level 1:colcon.colcon_core.environment:checking '/home/ruben/projects/ros2/jetson_robot_car/src/install/image_sensors/lib/python3.8/site-packages'
[1.137s] Level 1:colcon.colcon_core.shell:create_environment_hook('image_sensors', 'pythonpath')
[1.137s] INFO:colcon.colcon_core.shell:Creating environment hook '/home/ruben/projects/ros2/jetson_robot_car/src/install/image_sensors/share/image_sensors/hook/pythonpath.ps1'
[1.138s] INFO:colcon.colcon_core.shell:Creating environment descriptor '/home/ruben/projects/ros2/jetson_robot_car/src/install/image_sensors/share/image_sensors/hook/pythonpath.dsv'
[1.138s] INFO:colcon.colcon_core.shell:Creating environment hook '/home/ruben/projects/ros2/jetson_robot_car/src/install/image_sensors/share/image_sensors/hook/pythonpath.sh'
[1.138s] Level 1:colcon.colcon_core.environment:create_environment_scripts_only(image_sensors)
[1.139s] INFO:colcon.colcon_core.shell:Creating package script '/home/ruben/projects/ros2/jetson_robot_car/src/install/image_sensors/share/image_sensors/package.ps1'
[1.139s] INFO:colcon.colcon_core.shell:Creating package descriptor '/home/ruben/projects/ros2/jetson_robot_car/src/install/image_sensors/share/image_sensors/package.dsv'
[1.139s] INFO:colcon.colcon_core.shell:Creating package script '/home/ruben/projects/ros2/jetson_robot_car/src/install/image_sensors/share/image_sensors/package.sh'
[1.140s] INFO:colcon.colcon_core.shell:Creating package script '/home/ruben/projects/ros2/jetson_robot_car/src/install/image_sensors/share/image_sensors/package.bash'
[1.140s] INFO:colcon.colcon_core.shell:Creating package script '/home/ruben/projects/ros2/jetson_robot_car/src/install/image_sensors/share/image_sensors/package.zsh'
[1.140s] Level 1:colcon.colcon_core.environment:create_file_with_runtime_dependencies(/home/ruben/projects/ros2/jetson_robot_car/src/install/image_sensors/share/colcon-core/packages/image_sensors)
[1.324s] INFO:colcon.colcon_core.task.python.build:Building Python package in '/home/ruben/projects/ros2/jetson_robot_car/src/distance_sensors'
[1.325s] INFO:colcon.colcon_core.shell:Skip shell extension 'powershell' for command environment: Not usable outside of PowerShell
[1.325s] DEBUG:colcon.colcon_core.shell:Skip shell extension 'dsv' for command environment
[1.518s] INFO:colcon.colcon_core.task.python.build:Building Python package in '/home/ruben/projects/ros2/jetson_robot_car/src/motor_control'
[1.519s] INFO:colcon.colcon_core.shell:Skip shell extension 'powershell' for command environment: Not usable outside of PowerShell
[1.519s] DEBUG:colcon.colcon_core.shell:Skip shell extension 'dsv' for command environment
[1.853s] DEBUG:colcon.colcon_core.event_handler.log_command:Invoking command in '/home/ruben/projects/ros2/jetson_robot_car/src/distance_sensors': AMENT_PREFIX_PATH=/home/ruben/projects/ros2/jetson_robot_car/src/install/common:${AMENT_PREFIX_PATH} PYTHONPATH=/home/ruben/projects/ros2/jetson_robot_car/src/install/distance_sensors/lib/python3.8/site-packages:/home/ruben/projects/ros2/jetson_robot_car/src/install/common/lib/python3.8/site-packages:${PYTHONPATH} /usr/bin/python3 setup.py egg_info --egg-base ../build/distance_sensors build --build-base /home/ruben/projects/ros2/jetson_robot_car/src/build/distance_sensors/build install --prefix /home/ruben/projects/ros2/jetson_robot_car/src/install/distance_sensors --record /home/ruben/projects/ros2/jetson_robot_car/src/build/distance_sensors/install.log --single-version-externally-managed
[1.856s] DEBUG:colcon.colcon_core.event_handler.log_command:Invoking command in '/home/ruben/projects/ros2/jetson_robot_car/src/motor_control': AMENT_PREFIX_PATH=/home/ruben/projects/ros2/jetson_robot_car/src/install/common:${AMENT_PREFIX_PATH} PYTHONPATH=/home/ruben/projects/ros2/jetson_robot_car/src/install/motor_control/lib/python3.8/site-packages:/home/ruben/projects/ros2/jetson_robot_car/src/install/common/lib/python3.8/site-packages:${PYTHONPATH} /usr/bin/python3 setup.py egg_info --egg-base ../build/motor_control build --build-base /home/ruben/projects/ros2/jetson_robot_car/src/build/motor_control/build install --prefix /home/ruben/projects/ros2/jetson_robot_car/src/install/motor_control --record /home/ruben/projects/ros2/jetson_robot_car/src/build/motor_control/install.log --single-version-externally-managed
[2.105s] Level 1:colcon.colcon_core.environment:checking '/home/ruben/projects/ros2/jetson_robot_car/src/install/distance_sensors' for CMake module files
[2.106s] DEBUG:colcon.colcon_core.event_handler.log_command:Invoked command in '/home/ruben/projects/ros2/jetson_robot_car/src/distance_sensors' returned '0': AMENT_PREFIX_PATH=/home/ruben/projects/ros2/jetson_robot_car/src/install/common:${AMENT_PREFIX_PATH} PYTHONPATH=/home/ruben/projects/ros2/jetson_robot_car/src/install/distance_sensors/lib/python3.8/site-packages:/home/ruben/projects/ros2/jetson_robot_car/src/install/common/lib/python3.8/site-packages:${PYTHONPATH} /usr/bin/python3 setup.py egg_info --egg-base ../build/distance_sensors build --build-base /home/ruben/projects/ros2/jetson_robot_car/src/build/distance_sensors/build install --prefix /home/ruben/projects/ros2/jetson_robot_car/src/install/distance_sensors --record /home/ruben/projects/ros2/jetson_robot_car/src/build/distance_sensors/install.log --single-version-externally-managed
[2.106s] Level 1:colcon.colcon_core.environment:checking '/home/ruben/projects/ros2/jetson_robot_car/src/install/distance_sensors' for CMake config files
[2.106s] Level 1:colcon.colcon_core.environment:checking '/home/ruben/projects/ros2/jetson_robot_car/src/install/distance_sensors/lib'
[2.106s] Level 1:colcon.colcon_core.environment:checking '/home/ruben/projects/ros2/jetson_robot_car/src/install/distance_sensors/bin'
[2.107s] Level 1:colcon.colcon_core.environment:checking '/home/ruben/projects/ros2/jetson_robot_car/src/install/distance_sensors/lib/pkgconfig/distance_sensors.pc'
[2.107s] Level 1:colcon.colcon_core.environment:checking '/home/ruben/projects/ros2/jetson_robot_car/src/install/distance_sensors/lib/python3.8/site-packages'
[2.107s] Level 1:colcon.colcon_core.shell:create_environment_hook('distance_sensors', 'pythonpath')
[2.107s] INFO:colcon.colcon_core.shell:Creating environment hook '/home/ruben/projects/ros2/jetson_robot_car/src/install/distance_sensors/share/distance_sensors/hook/pythonpath.ps1'
[2.108s] INFO:colcon.colcon_core.shell:Creating environment descriptor '/home/ruben/projects/ros2/jetson_robot_car/src/install/distance_sensors/share/distance_sensors/hook/pythonpath.dsv'
[2.108s] INFO:colcon.colcon_core.shell:Creating environment hook '/home/ruben/projects/ros2/jetson_robot_car/src/install/distance_sensors/share/distance_sensors/hook/pythonpath.sh'
[2.108s] Level 1:colcon.colcon_core.environment:create_environment_scripts_only(distance_sensors)
[2.109s] INFO:colcon.colcon_core.shell:Creating package script '/home/ruben/projects/ros2/jetson_robot_car/src/install/distance_sensors/share/distance_sensors/package.ps1'
[2.109s] INFO:colcon.colcon_core.shell:Creating package descriptor '/home/ruben/projects/ros2/jetson_robot_car/src/install/distance_sensors/share/distance_sensors/package.dsv'
[2.109s] INFO:colcon.colcon_core.shell:Creating package script '/home/ruben/projects/ros2/jetson_robot_car/src/install/distance_sensors/share/distance_sensors/package.sh'
[2.110s] INFO:colcon.colcon_core.shell:Creating package script '/home/ruben/projects/ros2/jetson_robot_car/src/install/distance_sensors/share/distance_sensors/package.bash'
[2.110s] INFO:colcon.colcon_core.shell:Creating package script '/home/ruben/projects/ros2/jetson_robot_car/src/install/distance_sensors/share/distance_sensors/package.zsh'
[2.110s] Level 1:colcon.colcon_core.environment:create_file_with_runtime_dependencies(/home/ruben/projects/ros2/jetson_robot_car/src/install/distance_sensors/share/colcon-core/packages/distance_sensors)
[2.119s] Level 1:colcon.colcon_core.environment:checking '/home/ruben/projects/ros2/jetson_robot_car/src/install/motor_control' for CMake module files
[2.119s] DEBUG:colcon.colcon_core.event_handler.log_command:Invoked command in '/home/ruben/projects/ros2/jetson_robot_car/src/motor_control' returned '0': AMENT_PREFIX_PATH=/home/ruben/projects/ros2/jetson_robot_car/src/install/common:${AMENT_PREFIX_PATH} PYTHONPATH=/home/ruben/projects/ros2/jetson_robot_car/src/install/motor_control/lib/python3.8/site-packages:/home/ruben/projects/ros2/jetson_robot_car/src/install/common/lib/python3.8/site-packages:${PYTHONPATH} /usr/bin/python3 setup.py egg_info --egg-base ../build/motor_control build --build-base /home/ruben/projects/ros2/jetson_robot_car/src/build/motor_control/build install --prefix /home/ruben/projects/ros2/jetson_robot_car/src/install/motor_control --record /home/ruben/projects/ros2/jetson_robot_car/src/build/motor_control/install.log --single-version-externally-managed
[2.119s] Level 1:colcon.colcon_core.environment:checking '/home/ruben/projects/ros2/jetson_robot_car/src/install/motor_control' for CMake config files
[2.120s] Level 1:colcon.colcon_core.environment:checking '/home/ruben/projects/ros2/jetson_robot_car/src/install/motor_control/lib'
[2.120s] Level 1:colcon.colcon_core.environment:checking '/home/ruben/projects/ros2/jetson_robot_car/src/install/motor_control/bin'
[2.120s] Level 1:colcon.colcon_core.environment:checking '/home/ruben/projects/ros2/jetson_robot_car/src/install/motor_control/lib/pkgconfig/motor_control.pc'
[2.120s] Level 1:colcon.colcon_core.environment:checking '/home/ruben/projects/ros2/jetson_robot_car/src/install/motor_control/lib/python3.8/site-packages'
[2.120s] Level 1:colcon.colcon_core.shell:create_environment_hook('motor_control', 'pythonpath')
[2.121s] INFO:colcon.colcon_core.shell:Creating environment hook '/home/ruben/projects/ros2/jetson_robot_car/src/install/motor_control/share/motor_control/hook/pythonpath.ps1'
[2.121s] INFO:colcon.colcon_core.shell:Creating environment descriptor '/home/ruben/projects/ros2/jetson_robot_car/src/install/motor_control/share/motor_control/hook/pythonpath.dsv'
[2.121s] INFO:colcon.colcon_core.shell:Creating environment hook '/home/ruben/projects/ros2/jetson_robot_car/src/install/motor_control/share/motor_control/hook/pythonpath.sh'
[2.121s] Level 1:colcon.colcon_core.environment:create_environment_scripts_only(motor_control)
[2.122s] INFO:colcon.colcon_core.shell:Creating package script '/home/ruben/projects/ros2/jetson_robot_car/src/install/motor_control/share/motor_control/package.ps1'
[2.122s] INFO:colcon.colcon_core.shell:Creating package descriptor '/home/ruben/projects/ros2/jetson_robot_car/src/install/motor_control/share/motor_control/package.dsv'
[2.123s] INFO:colcon.colcon_core.shell:Creating package script '/home/ruben/projects/ros2/jetson_robot_car/src/install/motor_control/share/motor_control/package.sh'
[2.123s] INFO:colcon.colcon_core.shell:Creating package script '/home/ruben/projects/ros2/jetson_robot_car/src/install/motor_control/share/motor_control/package.bash'
[2.123s] INFO:colcon.colcon_core.shell:Creating package script '/home/ruben/projects/ros2/jetson_robot_car/src/install/motor_control/share/motor_control/package.zsh'
[2.123s] Level 1:colcon.colcon_core.environment:create_file_with_runtime_dependencies(/home/ruben/projects/ros2/jetson_robot_car/src/install/motor_control/share/colcon-core/packages/motor_control)
[2.124s] DEBUG:colcon.colcon_parallel_executor.executor.parallel:closing loop
[2.124s] DEBUG:colcon.colcon_parallel_executor.executor.parallel:loop closed
[2.124s] DEBUG:colcon.colcon_parallel_executor.executor.parallel:run_until_complete finished with '0'
[2.124s] DEBUG:colcon.colcon_core.event_reactor:joining thread
[2.129s] INFO:colcon.colcon_core.plugin_system:Skipping extension 'colcon_notification.desktop_notification.notify_send': Could not find 'notify-send'
[2.129s] INFO:colcon.colcon_core.plugin_system:Skipping extension 'colcon_notification.desktop_notification.terminal_notifier': Not used on non-Darwin systems
[2.129s] INFO:colcon.colcon_core.plugin_system:Skipping extension 'colcon_notification.desktop_notification.win32': Not used on non-Windows systems
[2.129s] INFO:colcon.colcon_notification.desktop_notification:Sending desktop notification using 'notify2'
[2.150s] DEBUG:colcon.colcon_core.event_reactor:joined thread
[2.151s] INFO:colcon.colcon_core.shell:Creating prefix script '/home/ruben/projects/ros2/jetson_robot_car/src/install/local_setup.ps1'
[2.152s] INFO:colcon.colcon_core.shell:Creating prefix util module '/home/ruben/projects/ros2/jetson_robot_car/src/install/_local_setup_util_ps1.py'
[2.153s] INFO:colcon.colcon_core.shell:Creating prefix chain script '/home/ruben/projects/ros2/jetson_robot_car/src/install/setup.ps1'
[2.164s] INFO:colcon.colcon_core.shell:Creating prefix script '/home/ruben/projects/ros2/jetson_robot_car/src/install/local_setup.sh'
[2.164s] INFO:colcon.colcon_core.shell:Creating prefix util module '/home/ruben/projects/ros2/jetson_robot_car/src/install/_local_setup_util_sh.py'
[2.165s] INFO:colcon.colcon_core.shell:Creating prefix chain script '/home/ruben/projects/ros2/jetson_robot_car/src/install/setup.sh'
[2.166s] INFO:colcon.colcon_core.shell:Creating prefix script '/home/ruben/projects/ros2/jetson_robot_car/src/install/local_setup.bash'
[2.166s] INFO:colcon.colcon_core.shell:Creating prefix chain script '/home/ruben/projects/ros2/jetson_robot_car/src/install/setup.bash'
[2.167s] INFO:colcon.colcon_core.shell:Creating prefix script '/home/ruben/projects/ros2/jetson_robot_car/src/install/local_setup.zsh'
[2.167s] INFO:colcon.colcon_core.shell:Creating prefix chain script '/home/ruben/projects/ros2/jetson_robot_car/src/install/setup.zsh'
