running egg_info
creating ../build/motor_control/motor_control.egg-info
writing ../build/motor_control/motor_control.egg-info/PKG-INFO
writing dependency_links to ../build/motor_control/motor_control.egg-info/dependency_links.txt
writing entry points to ../build/motor_control/motor_control.egg-info/entry_points.txt
writing requirements to ../build/motor_control/motor_control.egg-info/requires.txt
writing top-level names to ../build/motor_control/motor_control.egg-info/top_level.txt
writing manifest file '../build/motor_control/motor_control.egg-info/SOURCES.txt'
reading manifest file '../build/motor_control/motor_control.egg-info/SOURCES.txt'
writing manifest file '../build/motor_control/motor_control.egg-info/SOURCES.txt'
running build
running build_py
creating /home/ruben/projects/ros2/jetson_robot_car/src/build/motor_control/build
creating /home/ruben/projects/ros2/jetson_robot_car/src/build/motor_control/build/lib
creating /home/ruben/projects/ros2/jetson_robot_car/src/build/motor_control/build/lib/motor_control
copying motor_control/test_curses.py -> /home/ruben/projects/ros2/jetson_robot_car/src/build/motor_control/build/lib/motor_control
copying motor_control/dagu5_kine.py -> /home/ruben/projects/ros2/jetson_robot_car/src/build/motor_control/build/lib/motor_control
copying motor_control/motor_driver.py -> /home/ruben/projects/ros2/jetson_robot_car/src/build/motor_control/build/lib/motor_control
copying motor_control/joystick_publisher.py -> /home/ruben/projects/ros2/jetson_robot_car/src/build/motor_control/build/lib/motor_control
copying motor_control/keyboard_publisher.py -> /home/ruben/projects/ros2/jetson_robot_car/src/build/motor_control/build/lib/motor_control
copying motor_control/joy_input_sample.py -> /home/ruben/projects/ros2/jetson_robot_car/src/build/motor_control/build/lib/motor_control
copying motor_control/quadrature_encoder.py -> /home/ruben/projects/ros2/jetson_robot_car/src/build/motor_control/build/lib/motor_control
copying motor_control/ackermann_status.py -> /home/ruben/projects/ros2/jetson_robot_car/src/build/motor_control/build/lib/motor_control
copying motor_control/__init__.py -> /home/ruben/projects/ros2/jetson_robot_car/src/build/motor_control/build/lib/motor_control
copying motor_control/wheel_kine_publisher.py -> /home/ruben/projects/ros2/jetson_robot_car/src/build/motor_control/build/lib/motor_control
copying motor_control/vehicle_subscriber.py -> /home/ruben/projects/ros2/jetson_robot_car/src/build/motor_control/build/lib/motor_control
running install
running install_lib
creating /home/ruben/projects/ros2/jetson_robot_car/src/install/motor_control/lib/python3.8/site-packages/motor_control
copying /home/ruben/projects/ros2/jetson_robot_car/src/build/motor_control/build/lib/motor_control/test_curses.py -> /home/ruben/projects/ros2/jetson_robot_car/src/install/motor_control/lib/python3.8/site-packages/motor_control
copying /home/ruben/projects/ros2/jetson_robot_car/src/build/motor_control/build/lib/motor_control/dagu5_kine.py -> /home/ruben/projects/ros2/jetson_robot_car/src/install/motor_control/lib/python3.8/site-packages/motor_control
copying /home/ruben/projects/ros2/jetson_robot_car/src/build/motor_control/build/lib/motor_control/motor_driver.py -> /home/ruben/projects/ros2/jetson_robot_car/src/install/motor_control/lib/python3.8/site-packages/motor_control
copying /home/ruben/projects/ros2/jetson_robot_car/src/build/motor_control/build/lib/motor_control/joystick_publisher.py -> /home/ruben/projects/ros2/jetson_robot_car/src/install/motor_control/lib/python3.8/site-packages/motor_control
copying /home/ruben/projects/ros2/jetson_robot_car/src/build/motor_control/build/lib/motor_control/keyboard_publisher.py -> /home/ruben/projects/ros2/jetson_robot_car/src/install/motor_control/lib/python3.8/site-packages/motor_control
copying /home/ruben/projects/ros2/jetson_robot_car/src/build/motor_control/build/lib/motor_control/joy_input_sample.py -> /home/ruben/projects/ros2/jetson_robot_car/src/install/motor_control/lib/python3.8/site-packages/motor_control
copying /home/ruben/projects/ros2/jetson_robot_car/src/build/motor_control/build/lib/motor_control/quadrature_encoder.py -> /home/ruben/projects/ros2/jetson_robot_car/src/install/motor_control/lib/python3.8/site-packages/motor_control
copying /home/ruben/projects/ros2/jetson_robot_car/src/build/motor_control/build/lib/motor_control/ackermann_status.py -> /home/ruben/projects/ros2/jetson_robot_car/src/install/motor_control/lib/python3.8/site-packages/motor_control
copying /home/ruben/projects/ros2/jetson_robot_car/src/build/motor_control/build/lib/motor_control/__init__.py -> /home/ruben/projects/ros2/jetson_robot_car/src/install/motor_control/lib/python3.8/site-packages/motor_control
copying /home/ruben/projects/ros2/jetson_robot_car/src/build/motor_control/build/lib/motor_control/wheel_kine_publisher.py -> /home/ruben/projects/ros2/jetson_robot_car/src/install/motor_control/lib/python3.8/site-packages/motor_control
copying /home/ruben/projects/ros2/jetson_robot_car/src/build/motor_control/build/lib/motor_control/vehicle_subscriber.py -> /home/ruben/projects/ros2/jetson_robot_car/src/install/motor_control/lib/python3.8/site-packages/motor_control
byte-compiling /home/ruben/projects/ros2/jetson_robot_car/src/install/motor_control/lib/python3.8/site-packages/motor_control/test_curses.py to test_curses.cpython-38.pyc
byte-compiling /home/ruben/projects/ros2/jetson_robot_car/src/install/motor_control/lib/python3.8/site-packages/motor_control/dagu5_kine.py to dagu5_kine.cpython-38.pyc
byte-compiling /home/ruben/projects/ros2/jetson_robot_car/src/install/motor_control/lib/python3.8/site-packages/motor_control/motor_driver.py to motor_driver.cpython-38.pyc
byte-compiling /home/ruben/projects/ros2/jetson_robot_car/src/install/motor_control/lib/python3.8/site-packages/motor_control/joystick_publisher.py to joystick_publisher.cpython-38.pyc
byte-compiling /home/ruben/projects/ros2/jetson_robot_car/src/install/motor_control/lib/python3.8/site-packages/motor_control/keyboard_publisher.py to keyboard_publisher.cpython-38.pyc
byte-compiling /home/ruben/projects/ros2/jetson_robot_car/src/install/motor_control/lib/python3.8/site-packages/motor_control/joy_input_sample.py to joy_input_sample.cpython-38.pyc
byte-compiling /home/ruben/projects/ros2/jetson_robot_car/src/install/motor_control/lib/python3.8/site-packages/motor_control/quadrature_encoder.py to quadrature_encoder.cpython-38.pyc
byte-compiling /home/ruben/projects/ros2/jetson_robot_car/src/install/motor_control/lib/python3.8/site-packages/motor_control/ackermann_status.py to ackermann_status.cpython-38.pyc
byte-compiling /home/ruben/projects/ros2/jetson_robot_car/src/install/motor_control/lib/python3.8/site-packages/motor_control/__init__.py to __init__.cpython-38.pyc
byte-compiling /home/ruben/projects/ros2/jetson_robot_car/src/install/motor_control/lib/python3.8/site-packages/motor_control/wheel_kine_publisher.py to wheel_kine_publisher.cpython-38.pyc
byte-compiling /home/ruben/projects/ros2/jetson_robot_car/src/install/motor_control/lib/python3.8/site-packages/motor_control/vehicle_subscriber.py to vehicle_subscriber.cpython-38.pyc
running install_data
creating /home/ruben/projects/ros2/jetson_robot_car/src/install/motor_control/share/ament_index
creating /home/ruben/projects/ros2/jetson_robot_car/src/install/motor_control/share/ament_index/resource_index
creating /home/ruben/projects/ros2/jetson_robot_car/src/install/motor_control/share/ament_index/resource_index/packages
copying resource/motor_control -> /home/ruben/projects/ros2/jetson_robot_car/src/install/motor_control/share/ament_index/resource_index/packages
copying package.xml -> /home/ruben/projects/ros2/jetson_robot_car/src/install/motor_control/share/motor_control
running install_egg_info
Copying ../build/motor_control/motor_control.egg-info to /home/ruben/projects/ros2/jetson_robot_car/src/install/motor_control/lib/python3.8/site-packages/motor_control-0.0.0-py3.8.egg-info
running install_scripts
Installing joystick_publisher script to /home/ruben/projects/ros2/jetson_robot_car/src/install/motor_control/lib/motor_control
Installing keyboard_publisher script to /home/ruben/projects/ros2/jetson_robot_car/src/install/motor_control/lib/motor_control
Installing vehicle_subscriber script to /home/ruben/projects/ros2/jetson_robot_car/src/install/motor_control/lib/motor_control
writing list of installed files to '/home/ruben/projects/ros2/jetson_robot_car/src/build/motor_control/install.log'
