[0.727s] Invoking command in '/home/ruben/projects/ros2/jetson_robot_car/src/motor_control': AMENT_PREFIX_PATH=/home/ruben/projects/ros2/jetson_robot_car/src/install/common:${AMENT_PREFIX_PATH} PYTHONPATH=/home/ruben/projects/ros2/jetson_robot_car/src/install/motor_control/lib/python3.8/site-packages:/home/ruben/projects/ros2/jetson_robot_car/src/install/common/lib/python3.8/site-packages:${PYTHONPATH} /usr/bin/python3 setup.py egg_info --egg-base ../build/motor_control build --build-base /home/ruben/projects/ros2/jetson_robot_car/src/build/motor_control/build install --prefix /home/ruben/projects/ros2/jetson_robot_car/src/install/motor_control --record /home/ruben/projects/ros2/jetson_robot_car/src/build/motor_control/install.log --single-version-externally-managed
[0.902s] running egg_info
[0.902s] creating ../build/motor_control/motor_control.egg-info
[0.902s] writing ../build/motor_control/motor_control.egg-info/PKG-INFO
[0.903s] writing dependency_links to ../build/motor_control/motor_control.egg-info/dependency_links.txt
[0.903s] writing entry points to ../build/motor_control/motor_control.egg-info/entry_points.txt
[0.903s] writing requirements to ../build/motor_control/motor_control.egg-info/requires.txt
[0.903s] writing top-level names to ../build/motor_control/motor_control.egg-info/top_level.txt
[0.904s] writing manifest file '../build/motor_control/motor_control.egg-info/SOURCES.txt'
[0.938s] reading manifest file '../build/motor_control/motor_control.egg-info/SOURCES.txt'
[0.938s] writing manifest file '../build/motor_control/motor_control.egg-info/SOURCES.txt'
[0.938s] running build
[0.939s] running build_py
[0.939s] creating /home/ruben/projects/ros2/jetson_robot_car/src/build/motor_control/build
[0.939s] creating /home/ruben/projects/ros2/jetson_robot_car/src/build/motor_control/build/lib
[0.939s] creating /home/ruben/projects/ros2/jetson_robot_car/src/build/motor_control/build/lib/motor_control
[0.939s] copying motor_control/test_curses.py -> /home/ruben/projects/ros2/jetson_robot_car/src/build/motor_control/build/lib/motor_control
[0.939s] copying motor_control/dagu5_kine.py -> /home/ruben/projects/ros2/jetson_robot_car/src/build/motor_control/build/lib/motor_control
[0.939s] copying motor_control/motor_driver.py -> /home/ruben/projects/ros2/jetson_robot_car/src/build/motor_control/build/lib/motor_control
[0.939s] copying motor_control/joystick_publisher.py -> /home/ruben/projects/ros2/jetson_robot_car/src/build/motor_control/build/lib/motor_control
[0.940s] copying motor_control/keyboard_publisher.py -> /home/ruben/projects/ros2/jetson_robot_car/src/build/motor_control/build/lib/motor_control
[0.940s] copying motor_control/joy_input_sample.py -> /home/ruben/projects/ros2/jetson_robot_car/src/build/motor_control/build/lib/motor_control
[0.940s] copying motor_control/quadrature_encoder.py -> /home/ruben/projects/ros2/jetson_robot_car/src/build/motor_control/build/lib/motor_control
[0.940s] copying motor_control/ackermann_status.py -> /home/ruben/projects/ros2/jetson_robot_car/src/build/motor_control/build/lib/motor_control
[0.940s] copying motor_control/__init__.py -> /home/ruben/projects/ros2/jetson_robot_car/src/build/motor_control/build/lib/motor_control
[0.940s] copying motor_control/wheel_kine_publisher.py -> /home/ruben/projects/ros2/jetson_robot_car/src/build/motor_control/build/lib/motor_control
[0.940s] copying motor_control/vehicle_subscriber.py -> /home/ruben/projects/ros2/jetson_robot_car/src/build/motor_control/build/lib/motor_control
[0.940s] running install
[0.941s] running install_lib
[0.941s] creating /home/ruben/projects/ros2/jetson_robot_car/src/install/motor_control/lib/python3.8/site-packages/motor_control
[0.941s] copying /home/ruben/projects/ros2/jetson_robot_car/src/build/motor_control/build/lib/motor_control/test_curses.py -> /home/ruben/projects/ros2/jetson_robot_car/src/install/motor_control/lib/python3.8/site-packages/motor_control
[0.941s] copying /home/ruben/projects/ros2/jetson_robot_car/src/build/motor_control/build/lib/motor_control/dagu5_kine.py -> /home/ruben/projects/ros2/jetson_robot_car/src/install/motor_control/lib/python3.8/site-packages/motor_control
[0.941s] copying /home/ruben/projects/ros2/jetson_robot_car/src/build/motor_control/build/lib/motor_control/motor_driver.py -> /home/ruben/projects/ros2/jetson_robot_car/src/install/motor_control/lib/python3.8/site-packages/motor_control
[0.941s] copying /home/ruben/projects/ros2/jetson_robot_car/src/build/motor_control/build/lib/motor_control/joystick_publisher.py -> /home/ruben/projects/ros2/jetson_robot_car/src/install/motor_control/lib/python3.8/site-packages/motor_control
[0.942s] copying /home/ruben/projects/ros2/jetson_robot_car/src/build/motor_control/build/lib/motor_control/keyboard_publisher.py -> /home/ruben/projects/ros2/jetson_robot_car/src/install/motor_control/lib/python3.8/site-packages/motor_control
[0.942s] copying /home/ruben/projects/ros2/jetson_robot_car/src/build/motor_control/build/lib/motor_control/joy_input_sample.py -> /home/ruben/projects/ros2/jetson_robot_car/src/install/motor_control/lib/python3.8/site-packages/motor_control
[0.942s] copying /home/ruben/projects/ros2/jetson_robot_car/src/build/motor_control/build/lib/motor_control/quadrature_encoder.py -> /home/ruben/projects/ros2/jetson_robot_car/src/install/motor_control/lib/python3.8/site-packages/motor_control
[0.942s] copying /home/ruben/projects/ros2/jetson_robot_car/src/build/motor_control/build/lib/motor_control/ackermann_status.py -> /home/ruben/projects/ros2/jetson_robot_car/src/install/motor_control/lib/python3.8/site-packages/motor_control
[0.942s] copying /home/ruben/projects/ros2/jetson_robot_car/src/build/motor_control/build/lib/motor_control/__init__.py -> /home/ruben/projects/ros2/jetson_robot_car/src/install/motor_control/lib/python3.8/site-packages/motor_control
[0.942s] copying /home/ruben/projects/ros2/jetson_robot_car/src/build/motor_control/build/lib/motor_control/wheel_kine_publisher.py -> /home/ruben/projects/ros2/jetson_robot_car/src/install/motor_control/lib/python3.8/site-packages/motor_control
[0.942s] copying /home/ruben/projects/ros2/jetson_robot_car/src/build/motor_control/build/lib/motor_control/vehicle_subscriber.py -> /home/ruben/projects/ros2/jetson_robot_car/src/install/motor_control/lib/python3.8/site-packages/motor_control
[0.942s] byte-compiling /home/ruben/projects/ros2/jetson_robot_car/src/install/motor_control/lib/python3.8/site-packages/motor_control/test_curses.py to test_curses.cpython-38.pyc
[0.943s] byte-compiling /home/ruben/projects/ros2/jetson_robot_car/src/install/motor_control/lib/python3.8/site-packages/motor_control/dagu5_kine.py to dagu5_kine.cpython-38.pyc
[0.944s] byte-compiling /home/ruben/projects/ros2/jetson_robot_car/src/install/motor_control/lib/python3.8/site-packages/motor_control/motor_driver.py to motor_driver.cpython-38.pyc
[0.945s] byte-compiling /home/ruben/projects/ros2/jetson_robot_car/src/install/motor_control/lib/python3.8/site-packages/motor_control/joystick_publisher.py to joystick_publisher.cpython-38.pyc
[0.945s] byte-compiling /home/ruben/projects/ros2/jetson_robot_car/src/install/motor_control/lib/python3.8/site-packages/motor_control/keyboard_publisher.py to keyboard_publisher.cpython-38.pyc
[0.946s] byte-compiling /home/ruben/projects/ros2/jetson_robot_car/src/install/motor_control/lib/python3.8/site-packages/motor_control/joy_input_sample.py to joy_input_sample.cpython-38.pyc
[0.946s] byte-compiling /home/ruben/projects/ros2/jetson_robot_car/src/install/motor_control/lib/python3.8/site-packages/motor_control/quadrature_encoder.py to quadrature_encoder.cpython-38.pyc
[0.946s] byte-compiling /home/ruben/projects/ros2/jetson_robot_car/src/install/motor_control/lib/python3.8/site-packages/motor_control/ackermann_status.py to ackermann_status.cpython-38.pyc
[0.947s] byte-compiling /home/ruben/projects/ros2/jetson_robot_car/src/install/motor_control/lib/python3.8/site-packages/motor_control/__init__.py to __init__.cpython-38.pyc
[0.947s] byte-compiling /home/ruben/projects/ros2/jetson_robot_car/src/install/motor_control/lib/python3.8/site-packages/motor_control/wheel_kine_publisher.py to wheel_kine_publisher.cpython-38.pyc
[0.948s] byte-compiling /home/ruben/projects/ros2/jetson_robot_car/src/install/motor_control/lib/python3.8/site-packages/motor_control/vehicle_subscriber.py to vehicle_subscriber.cpython-38.pyc
[0.948s] running install_data
[0.949s] creating /home/ruben/projects/ros2/jetson_robot_car/src/install/motor_control/share/ament_index
[0.949s] creating /home/ruben/projects/ros2/jetson_robot_car/src/install/motor_control/share/ament_index/resource_index
[0.949s] creating /home/ruben/projects/ros2/jetson_robot_car/src/install/motor_control/share/ament_index/resource_index/packages
[0.949s] copying resource/motor_control -> /home/ruben/projects/ros2/jetson_robot_car/src/install/motor_control/share/ament_index/resource_index/packages
[0.949s] copying package.xml -> /home/ruben/projects/ros2/jetson_robot_car/src/install/motor_control/share/motor_control
[0.949s] running install_egg_info
[0.950s] Copying ../build/motor_control/motor_control.egg-info to /home/ruben/projects/ros2/jetson_robot_car/src/install/motor_control/lib/python3.8/site-packages/motor_control-0.0.0-py3.8.egg-info
[0.951s] running install_scripts
[0.965s] Installing joystick_publisher script to /home/ruben/projects/ros2/jetson_robot_car/src/install/motor_control/lib/motor_control
[0.965s] Installing keyboard_publisher script to /home/ruben/projects/ros2/jetson_robot_car/src/install/motor_control/lib/motor_control
[0.965s] Installing vehicle_subscriber script to /home/ruben/projects/ros2/jetson_robot_car/src/install/motor_control/lib/motor_control
[0.966s] writing list of installed files to '/home/ruben/projects/ros2/jetson_robot_car/src/build/motor_control/install.log'
[0.990s] Invoked command in '/home/ruben/projects/ros2/jetson_robot_car/src/motor_control' returned '0': AMENT_PREFIX_PATH=/home/ruben/projects/ros2/jetson_robot_car/src/install/common:${AMENT_PREFIX_PATH} PYTHONPATH=/home/ruben/projects/ros2/jetson_robot_car/src/install/motor_control/lib/python3.8/site-packages:/home/ruben/projects/ros2/jetson_robot_car/src/install/common/lib/python3.8/site-packages:${PYTHONPATH} /usr/bin/python3 setup.py egg_info --egg-base ../build/motor_control build --build-base /home/ruben/projects/ros2/jetson_robot_car/src/build/motor_control/build install --prefix /home/ruben/projects/ros2/jetson_robot_car/src/install/motor_control --record /home/ruben/projects/ros2/jetson_robot_car/src/build/motor_control/install.log --single-version-externally-managed
