[0.732s] Invoking command in '/home/ruben/projects/ros2/jetson_robot_car/src/distance_sensors': AMENT_PREFIX_PATH=/home/ruben/projects/ros2/jetson_robot_car/src/install/common:${AMENT_PREFIX_PATH} PYTHONPATH=/home/ruben/projects/ros2/jetson_robot_car/src/install/distance_sensors/lib/python3.8/site-packages:/home/ruben/projects/ros2/jetson_robot_car/src/install/common/lib/python3.8/site-packages:${PYTHONPATH} /usr/bin/python3 setup.py egg_info --egg-base ../build/distance_sensors build --build-base /home/ruben/projects/ros2/jetson_robot_car/src/build/distance_sensors/build install --prefix /home/ruben/projects/ros2/jetson_robot_car/src/install/distance_sensors --record /home/ruben/projects/ros2/jetson_robot_car/src/build/distance_sensors/install.log --single-version-externally-managed
[0.906s] running egg_info
[0.906s] creating ../build/distance_sensors/distance_sensors.egg-info
[0.906s] writing ../build/distance_sensors/distance_sensors.egg-info/PKG-INFO
[0.907s] writing dependency_links to ../build/distance_sensors/distance_sensors.egg-info/dependency_links.txt
[0.907s] writing entry points to ../build/distance_sensors/distance_sensors.egg-info/entry_points.txt
[0.907s] writing requirements to ../build/distance_sensors/distance_sensors.egg-info/requires.txt
[0.907s] writing top-level names to ../build/distance_sensors/distance_sensors.egg-info/top_level.txt
[0.908s] writing manifest file '../build/distance_sensors/distance_sensors.egg-info/SOURCES.txt'
[0.937s] reading manifest file '../build/distance_sensors/distance_sensors.egg-info/SOURCES.txt'
[0.937s] writing manifest file '../build/distance_sensors/distance_sensors.egg-info/SOURCES.txt'
[0.940s] running build
[0.940s] running build_py
[0.940s] creating /home/ruben/projects/ros2/jetson_robot_car/src/build/distance_sensors/build
[0.940s] creating /home/ruben/projects/ros2/jetson_robot_car/src/build/distance_sensors/build/lib
[0.940s] creating /home/ruben/projects/ros2/jetson_robot_car/src/build/distance_sensors/build/lib/distance_sensors
[0.940s] copying distance_sensors/ultrasound_publisher.py -> /home/ruben/projects/ros2/jetson_robot_car/src/build/distance_sensors/build/lib/distance_sensors
[0.940s] copying distance_sensors/__init__.py -> /home/ruben/projects/ros2/jetson_robot_car/src/build/distance_sensors/build/lib/distance_sensors
[0.940s] running install
[0.941s] running install_lib
[0.942s] creating /home/ruben/projects/ros2/jetson_robot_car/src/install/distance_sensors/lib/python3.8/site-packages/distance_sensors
[0.942s] copying /home/ruben/projects/ros2/jetson_robot_car/src/build/distance_sensors/build/lib/distance_sensors/ultrasound_publisher.py -> /home/ruben/projects/ros2/jetson_robot_car/src/install/distance_sensors/lib/python3.8/site-packages/distance_sensors
[0.942s] copying /home/ruben/projects/ros2/jetson_robot_car/src/build/distance_sensors/build/lib/distance_sensors/__init__.py -> /home/ruben/projects/ros2/jetson_robot_car/src/install/distance_sensors/lib/python3.8/site-packages/distance_sensors
[0.943s] byte-compiling /home/ruben/projects/ros2/jetson_robot_car/src/install/distance_sensors/lib/python3.8/site-packages/distance_sensors/ultrasound_publisher.py to ultrasound_publisher.cpython-38.pyc
[0.944s] byte-compiling /home/ruben/projects/ros2/jetson_robot_car/src/install/distance_sensors/lib/python3.8/site-packages/distance_sensors/__init__.py to __init__.cpython-38.pyc
[0.944s] running install_data
[0.945s] creating /home/ruben/projects/ros2/jetson_robot_car/src/install/distance_sensors/share/ament_index
[0.945s] creating /home/ruben/projects/ros2/jetson_robot_car/src/install/distance_sensors/share/ament_index/resource_index
[0.945s] creating /home/ruben/projects/ros2/jetson_robot_car/src/install/distance_sensors/share/ament_index/resource_index/packages
[0.945s] copying resource/distance_sensors -> /home/ruben/projects/ros2/jetson_robot_car/src/install/distance_sensors/share/ament_index/resource_index/packages
[0.945s] copying package.xml -> /home/ruben/projects/ros2/jetson_robot_car/src/install/distance_sensors/share/distance_sensors
[0.945s] running install_egg_info
[0.948s] Copying ../build/distance_sensors/distance_sensors.egg-info to /home/ruben/projects/ros2/jetson_robot_car/src/install/distance_sensors/lib/python3.8/site-packages/distance_sensors-0.0.0-py3.8.egg-info
[0.948s] running install_scripts
[0.963s] Installing ultrasound_publisher script to /home/ruben/projects/ros2/jetson_robot_car/src/install/distance_sensors/lib/distance_sensors
[0.963s] writing list of installed files to '/home/ruben/projects/ros2/jetson_robot_car/src/build/distance_sensors/install.log'
[0.984s] Invoked command in '/home/ruben/projects/ros2/jetson_robot_car/src/distance_sensors' returned '0': AMENT_PREFIX_PATH=/home/ruben/projects/ros2/jetson_robot_car/src/install/common:${AMENT_PREFIX_PATH} PYTHONPATH=/home/ruben/projects/ros2/jetson_robot_car/src/install/distance_sensors/lib/python3.8/site-packages:/home/ruben/projects/ros2/jetson_robot_car/src/install/common/lib/python3.8/site-packages:${PYTHONPATH} /usr/bin/python3 setup.py egg_info --egg-base ../build/distance_sensors build --build-base /home/ruben/projects/ros2/jetson_robot_car/src/build/distance_sensors/build install --prefix /home/ruben/projects/ros2/jetson_robot_car/src/install/distance_sensors --record /home/ruben/projects/ros2/jetson_robot_car/src/build/distance_sensors/install.log --single-version-externally-managed
