running egg_info
creating ../build/common/common.egg-info
writing ../build/common/common.egg-info/PKG-INFO
writing dependency_links to ../build/common/common.egg-info/dependency_links.txt
writing entry points to ../build/common/common.egg-info/entry_points.txt
writing requirements to ../build/common/common.egg-info/requires.txt
writing top-level names to ../build/common/common.egg-info/top_level.txt
writing manifest file '../build/common/common.egg-info/SOURCES.txt'
reading manifest file '../build/common/common.egg-info/SOURCES.txt'
writing manifest file '../build/common/common.egg-info/SOURCES.txt'
running build
running build_py
creating /home/ruben/projects/ros2/jetson_robot_car/src/build/common/build
creating /home/ruben/projects/ros2/jetson_robot_car/src/build/common/build/lib
creating /home/ruben/projects/ros2/jetson_robot_car/src/build/common/build/lib/common
copying common/__init__.py -> /home/ruben/projects/ros2/jetson_robot_car/src/build/common/build/lib/common
copying common/gpio_dummy.py -> /home/ruben/projects/ros2/jetson_robot_car/src/build/common/build/lib/common
running install
running install_lib
creating /home/ruben/projects/ros2/jetson_robot_car/src/install/common/lib/python3.8/site-packages/common
copying /home/ruben/projects/ros2/jetson_robot_car/src/build/common/build/lib/common/__init__.py -> /home/ruben/projects/ros2/jetson_robot_car/src/install/common/lib/python3.8/site-packages/common
copying /home/ruben/projects/ros2/jetson_robot_car/src/build/common/build/lib/common/gpio_dummy.py -> /home/ruben/projects/ros2/jetson_robot_car/src/install/common/lib/python3.8/site-packages/common
byte-compiling /home/ruben/projects/ros2/jetson_robot_car/src/install/common/lib/python3.8/site-packages/common/__init__.py to __init__.cpython-38.pyc
byte-compiling /home/ruben/projects/ros2/jetson_robot_car/src/install/common/lib/python3.8/site-packages/common/gpio_dummy.py to gpio_dummy.cpython-38.pyc
running install_data
creating /home/ruben/projects/ros2/jetson_robot_car/src/install/common/share/ament_index
creating /home/ruben/projects/ros2/jetson_robot_car/src/install/common/share/ament_index/resource_index
creating /home/ruben/projects/ros2/jetson_robot_car/src/install/common/share/ament_index/resource_index/packages
copying resource/common -> /home/ruben/projects/ros2/jetson_robot_car/src/install/common/share/ament_index/resource_index/packages
copying package.xml -> /home/ruben/projects/ros2/jetson_robot_car/src/install/common/share/common
running install_egg_info
Copying ../build/common/common.egg-info to /home/ruben/projects/ros2/jetson_robot_car/src/install/common/lib/python3.8/site-packages/common-0.0.0-py3.8.egg-info
running install_scripts
writing list of installed files to '/home/ruben/projects/ros2/jetson_robot_car/src/build/common/install.log'
