[0.673s] Invoking command in '/home/ruben/projects/ros2/jetson_robot_car/src/common': PYTHONPATH=/home/ruben/projects/ros2/jetson_robot_car/src/install/common/lib/python3.8/site-packages:${PYTHONPATH} /usr/bin/python3 setup.py egg_info --egg-base ../build/common build --build-base /home/ruben/projects/ros2/jetson_robot_car/src/build/common/build install --prefix /home/ruben/projects/ros2/jetson_robot_car/src/install/common --record /home/ruben/projects/ros2/jetson_robot_car/src/build/common/install.log --single-version-externally-managed
[0.878s] running egg_info
[0.878s] creating ../build/common/common.egg-info
[0.879s] writing ../build/common/common.egg-info/PKG-INFO
[0.879s] writing dependency_links to ../build/common/common.egg-info/dependency_links.txt
[0.879s] writing entry points to ../build/common/common.egg-info/entry_points.txt
[0.879s] writing requirements to ../build/common/common.egg-info/requires.txt
[0.879s] writing top-level names to ../build/common/common.egg-info/top_level.txt
[0.881s] writing manifest file '../build/common/common.egg-info/SOURCES.txt'
[0.908s] reading manifest file '../build/common/common.egg-info/SOURCES.txt'
[0.909s] writing manifest file '../build/common/common.egg-info/SOURCES.txt'
[0.909s] running build
[0.909s] running build_py
[0.909s] creating /home/ruben/projects/ros2/jetson_robot_car/src/build/common/build
[0.909s] creating /home/ruben/projects/ros2/jetson_robot_car/src/build/common/build/lib
[0.910s] creating /home/ruben/projects/ros2/jetson_robot_car/src/build/common/build/lib/common
[0.910s] copying common/__init__.py -> /home/ruben/projects/ros2/jetson_robot_car/src/build/common/build/lib/common
[0.910s] copying common/gpio_dummy.py -> /home/ruben/projects/ros2/jetson_robot_car/src/build/common/build/lib/common
[0.910s] running install
[0.910s] running install_lib
[0.911s] creating /home/ruben/projects/ros2/jetson_robot_car/src/install/common/lib/python3.8/site-packages/common
[0.911s] copying /home/ruben/projects/ros2/jetson_robot_car/src/build/common/build/lib/common/__init__.py -> /home/ruben/projects/ros2/jetson_robot_car/src/install/common/lib/python3.8/site-packages/common
[0.911s] copying /home/ruben/projects/ros2/jetson_robot_car/src/build/common/build/lib/common/gpio_dummy.py -> /home/ruben/projects/ros2/jetson_robot_car/src/install/common/lib/python3.8/site-packages/common
[0.912s] byte-compiling /home/ruben/projects/ros2/jetson_robot_car/src/install/common/lib/python3.8/site-packages/common/__init__.py to __init__.cpython-38.pyc
[0.913s] byte-compiling /home/ruben/projects/ros2/jetson_robot_car/src/install/common/lib/python3.8/site-packages/common/gpio_dummy.py to gpio_dummy.cpython-38.pyc
[0.917s] running install_data
[0.917s] creating /home/ruben/projects/ros2/jetson_robot_car/src/install/common/share/ament_index
[0.917s] creating /home/ruben/projects/ros2/jetson_robot_car/src/install/common/share/ament_index/resource_index
[0.917s] creating /home/ruben/projects/ros2/jetson_robot_car/src/install/common/share/ament_index/resource_index/packages
[0.917s] copying resource/common -> /home/ruben/projects/ros2/jetson_robot_car/src/install/common/share/ament_index/resource_index/packages
[0.918s] copying package.xml -> /home/ruben/projects/ros2/jetson_robot_car/src/install/common/share/common
[0.918s] running install_egg_info
[0.918s] Copying ../build/common/common.egg-info to /home/ruben/projects/ros2/jetson_robot_car/src/install/common/lib/python3.8/site-packages/common-0.0.0-py3.8.egg-info
[0.919s] running install_scripts
[0.933s] writing list of installed files to '/home/ruben/projects/ros2/jetson_robot_car/src/build/common/install.log'
[0.951s] Invoked command in '/home/ruben/projects/ros2/jetson_robot_car/src/common' returned '0': PYTHONPATH=/home/ruben/projects/ros2/jetson_robot_car/src/install/common/lib/python3.8/site-packages:${PYTHONPATH} /usr/bin/python3 setup.py egg_info --egg-base ../build/common build --build-base /home/ruben/projects/ros2/jetson_robot_car/src/build/common/build install --prefix /home/ruben/projects/ros2/jetson_robot_car/src/install/common --record /home/ruben/projects/ros2/jetson_robot_car/src/build/common/install.log --single-version-externally-managed
