running egg_info
creating ../build/image_sensors/image_sensors.egg-info
writing ../build/image_sensors/image_sensors.egg-info/PKG-INFO
writing dependency_links to ../build/image_sensors/image_sensors.egg-info/dependency_links.txt
writing entry points to ../build/image_sensors/image_sensors.egg-info/entry_points.txt
writing requirements to ../build/image_sensors/image_sensors.egg-info/requires.txt
writing top-level names to ../build/image_sensors/image_sensors.egg-info/top_level.txt
writing manifest file '../build/image_sensors/image_sensors.egg-info/SOURCES.txt'
reading manifest file '../build/image_sensors/image_sensors.egg-info/SOURCES.txt'
writing manifest file '../build/image_sensors/image_sensors.egg-info/SOURCES.txt'
running build
running build_py
creating /home/ruben/projects/ros2/jetson_robot_car/src/build/image_sensors/build
creating /home/ruben/projects/ros2/jetson_robot_car/src/build/image_sensors/build/lib
creating /home/ruben/projects/ros2/jetson_robot_car/src/build/image_sensors/build/lib/image_sensors
copying image_sensors/camera_publisher.py -> /home/ruben/projects/ros2/jetson_robot_car/src/build/image_sensors/build/lib/image_sensors
copying image_sensors/camera_subscriber.py -> /home/ruben/projects/ros2/jetson_robot_car/src/build/image_sensors/build/lib/image_sensors
copying image_sensors/__init__.py -> /home/ruben/projects/ros2/jetson_robot_car/src/build/image_sensors/build/lib/image_sensors
running install
running install_lib
creating /home/ruben/projects/ros2/jetson_robot_car/src/install/image_sensors/lib/python3.8/site-packages/image_sensors
copying /home/ruben/projects/ros2/jetson_robot_car/src/build/image_sensors/build/lib/image_sensors/camera_publisher.py -> /home/ruben/projects/ros2/jetson_robot_car/src/install/image_sensors/lib/python3.8/site-packages/image_sensors
copying /home/ruben/projects/ros2/jetson_robot_car/src/build/image_sensors/build/lib/image_sensors/camera_subscriber.py -> /home/ruben/projects/ros2/jetson_robot_car/src/install/image_sensors/lib/python3.8/site-packages/image_sensors
copying /home/ruben/projects/ros2/jetson_robot_car/src/build/image_sensors/build/lib/image_sensors/__init__.py -> /home/ruben/projects/ros2/jetson_robot_car/src/install/image_sensors/lib/python3.8/site-packages/image_sensors
byte-compiling /home/ruben/projects/ros2/jetson_robot_car/src/install/image_sensors/lib/python3.8/site-packages/image_sensors/camera_publisher.py to camera_publisher.cpython-38.pyc
byte-compiling /home/ruben/projects/ros2/jetson_robot_car/src/install/image_sensors/lib/python3.8/site-packages/image_sensors/camera_subscriber.py to camera_subscriber.cpython-38.pyc
byte-compiling /home/ruben/projects/ros2/jetson_robot_car/src/install/image_sensors/lib/python3.8/site-packages/image_sensors/__init__.py to __init__.cpython-38.pyc
running install_data
creating /home/ruben/projects/ros2/jetson_robot_car/src/install/image_sensors/share/ament_index
creating /home/ruben/projects/ros2/jetson_robot_car/src/install/image_sensors/share/ament_index/resource_index
creating /home/ruben/projects/ros2/jetson_robot_car/src/install/image_sensors/share/ament_index/resource_index/packages
copying resource/image_sensors -> /home/ruben/projects/ros2/jetson_robot_car/src/install/image_sensors/share/ament_index/resource_index/packages
copying package.xml -> /home/ruben/projects/ros2/jetson_robot_car/src/install/image_sensors/share/image_sensors
running install_egg_info
Copying ../build/image_sensors/image_sensors.egg-info to /home/ruben/projects/ros2/jetson_robot_car/src/install/image_sensors/lib/python3.8/site-packages/image_sensors-0.0.0-py3.8.egg-info
running install_scripts
Installing camera_publisher script to /home/ruben/projects/ros2/jetson_robot_car/src/install/image_sensors/lib/image_sensors
Installing camera_subscriber script to /home/ruben/projects/ros2/jetson_robot_car/src/install/image_sensors/lib/image_sensors
writing list of installed files to '/home/ruben/projects/ros2/jetson_robot_car/src/build/image_sensors/install.log'
