[0.670s] Invoking command in '/home/ruben/projects/ros2/jetson_robot_car/src/image_sensors': PYTHONPATH=/home/ruben/projects/ros2/jetson_robot_car/src/install/image_sensors/lib/python3.8/site-packages:${PYTHONPATH} /usr/bin/python3 setup.py egg_info --egg-base ../build/image_sensors build --build-base /home/ruben/projects/ros2/jetson_robot_car/src/build/image_sensors/build install --prefix /home/ruben/projects/ros2/jetson_robot_car/src/install/image_sensors --record /home/ruben/projects/ros2/jetson_robot_car/src/build/image_sensors/install.log --single-version-externally-managed
[0.877s] running egg_info
[0.877s] creating ../build/image_sensors/image_sensors.egg-info
[0.877s] writing ../build/image_sensors/image_sensors.egg-info/PKG-INFO
[0.878s] writing dependency_links to ../build/image_sensors/image_sensors.egg-info/dependency_links.txt
[0.878s] writing entry points to ../build/image_sensors/image_sensors.egg-info/entry_points.txt
[0.878s] writing requirements to ../build/image_sensors/image_sensors.egg-info/requires.txt
[0.878s] writing top-level names to ../build/image_sensors/image_sensors.egg-info/top_level.txt
[0.879s] writing manifest file '../build/image_sensors/image_sensors.egg-info/SOURCES.txt'
[0.907s] reading manifest file '../build/image_sensors/image_sensors.egg-info/SOURCES.txt'
[0.908s] writing manifest file '../build/image_sensors/image_sensors.egg-info/SOURCES.txt'
[0.908s] running build
[0.908s] running build_py
[0.908s] creating /home/ruben/projects/ros2/jetson_robot_car/src/build/image_sensors/build
[0.909s] creating /home/ruben/projects/ros2/jetson_robot_car/src/build/image_sensors/build/lib
[0.909s] creating /home/ruben/projects/ros2/jetson_robot_car/src/build/image_sensors/build/lib/image_sensors
[0.909s] copying image_sensors/camera_publisher.py -> /home/ruben/projects/ros2/jetson_robot_car/src/build/image_sensors/build/lib/image_sensors
[0.909s] copying image_sensors/camera_subscriber.py -> /home/ruben/projects/ros2/jetson_robot_car/src/build/image_sensors/build/lib/image_sensors
[0.909s] copying image_sensors/__init__.py -> /home/ruben/projects/ros2/jetson_robot_car/src/build/image_sensors/build/lib/image_sensors
[0.909s] running install
[0.909s] running install_lib
[0.910s] creating /home/ruben/projects/ros2/jetson_robot_car/src/install/image_sensors/lib/python3.8/site-packages/image_sensors
[0.910s] copying /home/ruben/projects/ros2/jetson_robot_car/src/build/image_sensors/build/lib/image_sensors/camera_publisher.py -> /home/ruben/projects/ros2/jetson_robot_car/src/install/image_sensors/lib/python3.8/site-packages/image_sensors
[0.910s] copying /home/ruben/projects/ros2/jetson_robot_car/src/build/image_sensors/build/lib/image_sensors/camera_subscriber.py -> /home/ruben/projects/ros2/jetson_robot_car/src/install/image_sensors/lib/python3.8/site-packages/image_sensors
[0.910s] copying /home/ruben/projects/ros2/jetson_robot_car/src/build/image_sensors/build/lib/image_sensors/__init__.py -> /home/ruben/projects/ros2/jetson_robot_car/src/install/image_sensors/lib/python3.8/site-packages/image_sensors
[0.911s] byte-compiling /home/ruben/projects/ros2/jetson_robot_car/src/install/image_sensors/lib/python3.8/site-packages/image_sensors/camera_publisher.py to camera_publisher.cpython-38.pyc
[0.912s] byte-compiling /home/ruben/projects/ros2/jetson_robot_car/src/install/image_sensors/lib/python3.8/site-packages/image_sensors/camera_subscriber.py to camera_subscriber.cpython-38.pyc
[0.912s] byte-compiling /home/ruben/projects/ros2/jetson_robot_car/src/install/image_sensors/lib/python3.8/site-packages/image_sensors/__init__.py to __init__.cpython-38.pyc
[0.912s] running install_data
[0.913s] creating /home/ruben/projects/ros2/jetson_robot_car/src/install/image_sensors/share/ament_index
[0.913s] creating /home/ruben/projects/ros2/jetson_robot_car/src/install/image_sensors/share/ament_index/resource_index
[0.913s] creating /home/ruben/projects/ros2/jetson_robot_car/src/install/image_sensors/share/ament_index/resource_index/packages
[0.913s] copying resource/image_sensors -> /home/ruben/projects/ros2/jetson_robot_car/src/install/image_sensors/share/ament_index/resource_index/packages
[0.913s] copying package.xml -> /home/ruben/projects/ros2/jetson_robot_car/src/install/image_sensors/share/image_sensors
[0.913s] running install_egg_info
[0.914s] Copying ../build/image_sensors/image_sensors.egg-info to /home/ruben/projects/ros2/jetson_robot_car/src/install/image_sensors/lib/python3.8/site-packages/image_sensors-0.0.0-py3.8.egg-info
[0.916s] running install_scripts
[0.930s] Installing camera_publisher script to /home/ruben/projects/ros2/jetson_robot_car/src/install/image_sensors/lib/image_sensors
[0.930s] Installing camera_subscriber script to /home/ruben/projects/ros2/jetson_robot_car/src/install/image_sensors/lib/image_sensors
[0.930s] writing list of installed files to '/home/ruben/projects/ros2/jetson_robot_car/src/build/image_sensors/install.log'
[0.974s] Invoked command in '/home/ruben/projects/ros2/jetson_robot_car/src/image_sensors' returned '0': PYTHONPATH=/home/ruben/projects/ros2/jetson_robot_car/src/install/image_sensors/lib/python3.8/site-packages:${PYTHONPATH} /usr/bin/python3 setup.py egg_info --egg-base ../build/image_sensors build --build-base /home/ruben/projects/ros2/jetson_robot_car/src/build/image_sensors/build install --prefix /home/ruben/projects/ros2/jetson_robot_car/src/install/image_sensors --record /home/ruben/projects/ros2/jetson_robot_car/src/build/image_sensors/install.log --single-version-externally-managed
